<?xml version="1.0" encoding="UTF-8"?>
<testsuite name="ma.aui.sse.it.xcommerce.monolithic.XCommerceMonolithicApplicationTests" tests="1" skipped="0" failures="0" errors="0" timestamp="2019-09-03T14:27:32" hostname="bluestream" time="0.052">
  <properties/>
  <testcase name="contextLoads" classname="ma.aui.sse.it.xcommerce.monolithic.XCommerceMonolithicApplicationTests" time="0.052"/>
  <system-out><![CDATA[15:27:25.386 [Test worker] DEBUG org.springframework.test.context.junit4.SpringJUnit4ClassRunner - SpringJUnit4ClassRunner constructor called with [class ma.aui.sse.it.xcommerce.monolithic.XCommerceMonolithicApplicationTests]
15:27:25.392 [Test worker] DEBUG org.springframework.test.context.BootstrapUtils - Instantiating CacheAwareContextLoaderDelegate from class [org.springframework.test.context.cache.DefaultCacheAwareContextLoaderDelegate]
15:27:25.398 [Test worker] DEBUG org.springframework.test.context.BootstrapUtils - Instantiating BootstrapContext using constructor [public org.springframework.test.context.support.DefaultBootstrapContext(java.lang.Class,org.springframework.test.context.CacheAwareContextLoaderDelegate)]
15:27:25.413 [Test worker] DEBUG org.springframework.test.context.BootstrapUtils - Instantiating TestContextBootstrapper for test class [ma.aui.sse.it.xcommerce.monolithic.XCommerceMonolithicApplicationTests] from class [org.springframework.boot.test.context.SpringBootTestContextBootstrapper]
15:27:25.436 [Test worker] INFO org.springframework.boot.test.context.SpringBootTestContextBootstrapper - Neither @ContextConfiguration nor @ContextHierarchy found for test class [ma.aui.sse.it.xcommerce.monolithic.XCommerceMonolithicApplicationTests], using SpringBootContextLoader
15:27:25.439 [Test worker] DEBUG org.springframework.test.context.support.AbstractContextLoader - Did not detect default resource location for test class [ma.aui.sse.it.xcommerce.monolithic.XCommerceMonolithicApplicationTests]: class path resource [ma/aui/sse/it/xcommerce/monolithic/XCommerceMonolithicApplicationTests-context.xml] does not exist
15:27:25.439 [Test worker] DEBUG org.springframework.test.context.support.AbstractContextLoader - Did not detect default resource location for test class [ma.aui.sse.it.xcommerce.monolithic.XCommerceMonolithicApplicationTests]: class path resource [ma/aui/sse/it/xcommerce/monolithic/XCommerceMonolithicApplicationTestsContext.groovy] does not exist
15:27:25.439 [Test worker] INFO org.springframework.test.context.support.AbstractContextLoader - Could not detect default resource locations for test class [ma.aui.sse.it.xcommerce.monolithic.XCommerceMonolithicApplicationTests]: no resource found for suffixes {-context.xml, Context.groovy}.
15:27:25.440 [Test worker] INFO org.springframework.test.context.support.AnnotationConfigContextLoaderUtils - Could not detect default configuration classes for test class [ma.aui.sse.it.xcommerce.monolithic.XCommerceMonolithicApplicationTests]: XCommerceMonolithicApplicationTests does not declare any static, non-private, non-final, nested classes annotated with @Configuration.
15:27:25.477 [Test worker] DEBUG org.springframework.test.context.support.ActiveProfilesUtils - Could not find an 'annotation declaring class' for annotation type [org.springframework.test.context.ActiveProfiles] and class [ma.aui.sse.it.xcommerce.monolithic.XCommerceMonolithicApplicationTests]
15:27:25.532 [Test worker] DEBUG org.springframework.context.annotation.ClassPathScanningCandidateComponentProvider - Identified candidate component class: file [/home/pr-iraqi-houssaini/AUI/Courses/xcommerce/monolithic/initial/build/classes/java/main/ma/aui/sse/it/xcommerce/monolithic/XCommerceMonolithicApplication.class]
15:27:25.533 [Test worker] INFO org.springframework.boot.test.context.SpringBootTestContextBootstrapper - Found @SpringBootConfiguration ma.aui.sse.it.xcommerce.monolithic.XCommerceMonolithicApplication for test class ma.aui.sse.it.xcommerce.monolithic.XCommerceMonolithicApplicationTests
15:27:25.603 [Test worker] DEBUG org.springframework.boot.test.context.SpringBootTestContextBootstrapper - @TestExecutionListeners is not present for class [ma.aui.sse.it.xcommerce.monolithic.XCommerceMonolithicApplicationTests]: using defaults.
15:27:25.603 [Test worker] INFO org.springframework.boot.test.context.SpringBootTestContextBootstrapper - Loaded default TestExecutionListener class names from location [META-INF/spring.factories]: [org.springframework.boot.test.autoconfigure.restdocs.RestDocsTestExecutionListener, org.springframework.boot.test.autoconfigure.web.client.MockRestServiceServerResetTestExecutionListener, org.springframework.boot.test.autoconfigure.web.servlet.MockMvcPrintOnlyOnFailureTestExecutionListener, org.springframework.boot.test.autoconfigure.web.servlet.WebDriverTestExecutionListener, org.springframework.boot.test.mock.mockito.MockitoTestExecutionListener, org.springframework.boot.test.mock.mockito.ResetMocksTestExecutionListener, org.springframework.test.context.web.ServletTestExecutionListener, org.springframework.test.context.support.DirtiesContextBeforeModesTestExecutionListener, org.springframework.test.context.support.DependencyInjectionTestExecutionListener, org.springframework.test.context.support.DirtiesContextTestExecutionListener, org.springframework.test.context.transaction.TransactionalTestExecutionListener, org.springframework.test.context.jdbc.SqlScriptsTestExecutionListener]
15:27:25.615 [Test worker] INFO org.springframework.boot.test.context.SpringBootTestContextBootstrapper - Using TestExecutionListeners: [org.springframework.test.context.web.ServletTestExecutionListener@d668e4e, org.springframework.test.context.support.DirtiesContextBeforeModesTestExecutionListener@26155d1e, org.springframework.boot.test.mock.mockito.MockitoTestExecutionListener@18bc9f6d, org.springframework.boot.test.autoconfigure.SpringBootDependencyInjectionTestExecutionListener@38e2aeea, org.springframework.test.context.support.DirtiesContextTestExecutionListener@1cf4346, org.springframework.test.context.transaction.TransactionalTestExecutionListener@dbe13cc, org.springframework.test.context.jdbc.SqlScriptsTestExecutionListener@7105b2e1, org.springframework.boot.test.autoconfigure.restdocs.RestDocsTestExecutionListener@5cbdd7d5, org.springframework.boot.test.autoconfigure.web.client.MockRestServiceServerResetTestExecutionListener@27137a77, org.springframework.boot.test.autoconfigure.web.servlet.MockMvcPrintOnlyOnFailureTestExecutionListener@5a4e2d2a, org.springframework.boot.test.autoconfigure.web.servlet.WebDriverTestExecutionListener@6800e38, org.springframework.boot.test.mock.mockito.ResetMocksTestExecutionListener@34317242]
15:27:25.617 [Test worker] DEBUG org.springframework.test.annotation.ProfileValueUtils - Retrieved @ProfileValueSourceConfiguration [null] for test class [ma.aui.sse.it.xcommerce.monolithic.XCommerceMonolithicApplicationTests]
15:27:25.617 [Test worker] DEBUG org.springframework.test.annotation.ProfileValueUtils - Retrieved ProfileValueSource type [class org.springframework.test.annotation.SystemProfileValueSource] for class [ma.aui.sse.it.xcommerce.monolithic.XCommerceMonolithicApplicationTests]
15:27:25.617 [Test worker] DEBUG org.springframework.test.annotation.ProfileValueUtils - Retrieved @ProfileValueSourceConfiguration [null] for test class [ma.aui.sse.it.xcommerce.monolithic.XCommerceMonolithicApplicationTests]
15:27:25.617 [Test worker] DEBUG org.springframework.test.annotation.ProfileValueUtils - Retrieved ProfileValueSource type [class org.springframework.test.annotation.SystemProfileValueSource] for class [ma.aui.sse.it.xcommerce.monolithic.XCommerceMonolithicApplicationTests]
15:27:25.620 [Test worker] DEBUG org.springframework.test.context.support.AbstractDirtiesContextTestExecutionListener - Before test class: context [DefaultTestContext@79047a79 testClass = XCommerceMonolithicApplicationTests, testInstance = [null], testMethod = [null], testException = [null], mergedContextConfiguration = [WebMergedContextConfiguration@121cdacd testClass = XCommerceMonolithicApplicationTests, locations = '{}', classes = '{class ma.aui.sse.it.xcommerce.monolithic.XCommerceMonolithicApplication}', contextInitializerClasses = '[]', activeProfiles = '{}', propertySourceLocations = '{}', propertySourceProperties = '{org.springframework.boot.test.context.SpringBootTestContextBootstrapper=true}', contextCustomizers = set[org.springframework.boot.test.autoconfigure.properties.PropertyMappingContextCustomizer@0, org.springframework.boot.test.autoconfigure.web.servlet.WebDriverContextCustomizerFactory$Customizer@71d3f412, org.springframework.boot.test.context.filter.ExcludeFilterContextCustomizer@11998a2, org.springframework.boot.test.json.DuplicateJsonObjectContextCustomizerFactory$DuplicateJsonObjectContextCustomizer@2cd4f9e8, org.springframework.boot.test.mock.mockito.MockitoContextCustomizer@0, org.springframework.boot.test.web.client.TestRestTemplateContextCustomizer@211d9c63], resourceBasePath = 'src/main/webapp', contextLoader = 'org.springframework.boot.test.context.SpringBootContextLoader', parent = [null]], attributes = map['org.springframework.test.context.web.ServletTestExecutionListener.activateListener' -> true]], class annotated with @DirtiesContext [false] with mode [null].
15:27:25.621 [Test worker] DEBUG org.springframework.test.annotation.ProfileValueUtils - Retrieved @ProfileValueSourceConfiguration [null] for test class [ma.aui.sse.it.xcommerce.monolithic.XCommerceMonolithicApplicationTests]
15:27:25.621 [Test worker] DEBUG org.springframework.test.annotation.ProfileValueUtils - Retrieved ProfileValueSource type [class org.springframework.test.annotation.SystemProfileValueSource] for class [ma.aui.sse.it.xcommerce.monolithic.XCommerceMonolithicApplicationTests]
15:27:25.635 [Test worker] DEBUG org.springframework.test.context.support.TestPropertySourceUtils - Adding inlined properties to environment: {spring.jmx.enabled=false, org.springframework.boot.test.context.SpringBootTestContextBootstrapper=true, server.port=-1}

  .   ____          _            __ _ _
 /\\ / ___'_ __ _ _(_)_ __  __ _ \ \ \ \
( ( )\___ | '_ | '_| | '_ \/ _` | \ \ \ \
 \\/  ___)| |_)| | | | | || (_| |  ) ) ) )
  '  |____| .__|_| |_|_| |_\__, | / / / /
 =========|_|==============|___/=/_/_/_/
 :: Spring Boot ::        (v2.1.5.RELEASE)

2019-09-03 15:27:25.854  INFO 5507 --- [    Test worker] .x.m.XCommerceMonolithicApplicationTests : Starting XCommerceMonolithicApplicationTests on bluestream with PID 5507 (started by pr-iraqi-houssaini in /home/pr-iraqi-houssaini/AUI/Courses/xcommerce/monolithic/initial)
2019-09-03 15:27:25.855  INFO 5507 --- [    Test worker] .x.m.XCommerceMonolithicApplicationTests : No active profile set, falling back to default profiles: default
2019-09-03 15:27:26.983  INFO 5507 --- [    Test worker] .s.d.r.c.RepositoryConfigurationDelegate : Multiple Spring Data modules found, entering strict repository configuration mode!
2019-09-03 15:27:26.984  INFO 5507 --- [    Test worker] .s.d.r.c.RepositoryConfigurationDelegate : Bootstrapping Spring Data repositories in DEFAULT mode.
2019-09-03 15:27:27.110  INFO 5507 --- [    Test worker] .s.d.r.c.RepositoryConfigurationDelegate : Finished Spring Data repository scanning in 120ms. Found 6 repository interfaces.
2019-09-03 15:27:27.118  INFO 5507 --- [    Test worker] .s.d.r.c.RepositoryConfigurationDelegate : Multiple Spring Data modules found, entering strict repository configuration mode!
2019-09-03 15:27:27.119  INFO 5507 --- [    Test worker] .s.d.r.c.RepositoryConfigurationDelegate : Bootstrapping Spring Data repositories in DEFAULT mode.
2019-09-03 15:27:27.127  INFO 5507 --- [    Test worker] .RepositoryConfigurationExtensionSupport : Spring Data Redis - Could not safely identify store assignment for repository candidate interface ma.aui.sse.it.xcommerce.monolithic.repositories.BrandRepository.
2019-09-03 15:27:27.128  INFO 5507 --- [    Test worker] .RepositoryConfigurationExtensionSupport : Spring Data Redis - Could not safely identify store assignment for repository candidate interface ma.aui.sse.it.xcommerce.monolithic.repositories.CategoryRepository.
2019-09-03 15:27:27.128  INFO 5507 --- [    Test worker] .RepositoryConfigurationExtensionSupport : Spring Data Redis - Could not safely identify store assignment for repository candidate interface ma.aui.sse.it.xcommerce.monolithic.repositories.CustomerRepository.
2019-09-03 15:27:27.128  INFO 5507 --- [    Test worker] .RepositoryConfigurationExtensionSupport : Spring Data Redis - Could not safely identify store assignment for repository candidate interface ma.aui.sse.it.xcommerce.monolithic.repositories.OrderRepository.
2019-09-03 15:27:27.129  INFO 5507 --- [    Test worker] .RepositoryConfigurationExtensionSupport : Spring Data Redis - Could not safely identify store assignment for repository candidate interface ma.aui.sse.it.xcommerce.monolithic.repositories.ProductRepository.
2019-09-03 15:27:27.129  INFO 5507 --- [    Test worker] .RepositoryConfigurationExtensionSupport : Spring Data Redis - Could not safely identify store assignment for repository candidate interface ma.aui.sse.it.xcommerce.monolithic.repositories.ReviewRepository.
2019-09-03 15:27:27.129  INFO 5507 --- [    Test worker] .s.d.r.c.RepositoryConfigurationDelegate : Finished Spring Data repository scanning in 4ms. Found 0 repository interfaces.
2019-09-03 15:27:27.655  INFO 5507 --- [    Test worker] trationDelegate$BeanPostProcessorChecker : Bean 'org.springframework.transaction.annotation.ProxyTransactionManagementConfiguration' of type [org.springframework.transaction.annotation.ProxyTransactionManagementConfiguration$$EnhancerBySpringCGLIB$$50694567] is not eligible for getting processed by all BeanPostProcessors (for example: not eligible for auto-proxying)
2019-09-03 15:27:27.723  INFO 5507 --- [    Test worker] trationDelegate$BeanPostProcessorChecker : Bean 'org.springframework.hateoas.config.HateoasConfiguration' of type [org.springframework.hateoas.config.HateoasConfiguration$$EnhancerBySpringCGLIB$$cfe99299] is not eligible for getting processed by all BeanPostProcessors (for example: not eligible for auto-proxying)
2019-09-03 15:27:28.171  INFO 5507 --- [    Test worker] com.zaxxer.hikari.HikariDataSource       : HikariPool-1 - Starting...
2019-09-03 15:27:28.315  INFO 5507 --- [    Test worker] com.zaxxer.hikari.HikariDataSource       : HikariPool-1 - Start completed.
2019-09-03 15:27:28.401  INFO 5507 --- [    Test worker] o.hibernate.jpa.internal.util.LogHelper  : HHH000204: Processing PersistenceUnitInfo [
	name: default
	...]
2019-09-03 15:27:28.455  INFO 5507 --- [    Test worker] org.hibernate.Version                    : HHH000412: Hibernate Core {5.3.10.Final}
2019-09-03 15:27:28.456  INFO 5507 --- [    Test worker] org.hibernate.cfg.Environment            : HHH000206: hibernate.properties not found
2019-09-03 15:27:28.581  INFO 5507 --- [    Test worker] o.hibernate.annotations.common.Version   : HCANN000001: Hibernate Commons Annotations {5.0.4.Final}
2019-09-03 15:27:28.700  INFO 5507 --- [    Test worker] org.hibernate.dialect.Dialect            : HHH000400: Using dialect: org.hibernate.dialect.H2Dialect
2019-09-03 15:27:29.507  INFO 5507 --- [    Test worker] o.h.t.schema.internal.SchemaCreatorImpl  : HHH000476: Executing import script 'org.hibernate.tool.schema.internal.exec.ScriptSourceInputNonExistentImpl@6320b9c0'
2019-09-03 15:27:29.509  INFO 5507 --- [    Test worker] j.LocalContainerEntityManagerFactoryBean : Initialized JPA EntityManagerFactory for persistence unit 'default'
2019-09-03 15:27:29.969  INFO 5507 --- [    Test worker] o.h.h.i.QueryTranslatorFactoryInitiator  : HHH000397: Using ASTQueryTranslatorFactory
2019-09-03 15:27:31.059  INFO 5507 --- [    Test worker] o.s.s.concurrent.ThreadPoolTaskExecutor  : Initializing ExecutorService 'applicationTaskExecutor'
2019-09-03 15:27:31.120  WARN 5507 --- [    Test worker] aWebConfiguration$JpaWebMvcConfiguration : spring.jpa.open-in-view is enabled by default. Therefore, database queries may be performed during view rendering. Explicitly configure spring.jpa.open-in-view to disable this warning
2019-09-03 15:27:31.978  INFO 5507 --- [    Test worker] o.s.b.a.e.web.EndpointLinksResolver      : Exposing 2 endpoint(s) beneath base path '/actuator'
2019-09-03 15:27:32.059  INFO 5507 --- [    Test worker] .x.m.XCommerceMonolithicApplicationTests : Started XCommerceMonolithicApplicationTests in 6.419 seconds (JVM running for 7.189)
]]></system-out>
  <system-err><![CDATA[]]></system-err>
</testsuite>
