<?xml version="1.0" encoding="UTF-8"?>
<testsuite name="ma.aui.sse.it.xcommerce.monolithic.XCommerceMonolithicApplicationTests" tests="1" skipped="0" failures="0" errors="0" timestamp="2019-09-03T16:27:46" hostname="bluestream" time="0.034">
  <properties/>
  <testcase name="contextLoads" classname="ma.aui.sse.it.xcommerce.monolithic.XCommerceMonolithicApplicationTests" time="0.034"/>
  <system-out><![CDATA[17:27:39.423 [Test worker] DEBUG org.springframework.test.context.junit4.SpringJUnit4ClassRunner - SpringJUnit4ClassRunner constructor called with [class ma.aui.sse.it.xcommerce.monolithic.XCommerceMonolithicApplicationTests]
17:27:39.429 [Test worker] DEBUG org.springframework.test.context.BootstrapUtils - Instantiating CacheAwareContextLoaderDelegate from class [org.springframework.test.context.cache.DefaultCacheAwareContextLoaderDelegate]
17:27:39.437 [Test worker] DEBUG org.springframework.test.context.BootstrapUtils - Instantiating BootstrapContext using constructor [public org.springframework.test.context.support.DefaultBootstrapContext(java.lang.Class,org.springframework.test.context.CacheAwareContextLoaderDelegate)]
17:27:39.452 [Test worker] DEBUG org.springframework.test.context.BootstrapUtils - Instantiating TestContextBootstrapper for test class [ma.aui.sse.it.xcommerce.monolithic.XCommerceMonolithicApplicationTests] from class [org.springframework.boot.test.context.SpringBootTestContextBootstrapper]
17:27:39.461 [Test worker] INFO org.springframework.boot.test.context.SpringBootTestContextBootstrapper - Neither @ContextConfiguration nor @ContextHierarchy found for test class [ma.aui.sse.it.xcommerce.monolithic.XCommerceMonolithicApplicationTests], using SpringBootContextLoader
17:27:39.463 [Test worker] DEBUG org.springframework.test.context.support.AbstractContextLoader - Did not detect default resource location for test class [ma.aui.sse.it.xcommerce.monolithic.XCommerceMonolithicApplicationTests]: class path resource [ma/aui/sse/it/xcommerce/monolithic/XCommerceMonolithicApplicationTests-context.xml] does not exist
17:27:39.464 [Test worker] DEBUG org.springframework.test.context.support.AbstractContextLoader - Did not detect default resource location for test class [ma.aui.sse.it.xcommerce.monolithic.XCommerceMonolithicApplicationTests]: class path resource [ma/aui/sse/it/xcommerce/monolithic/XCommerceMonolithicApplicationTestsContext.groovy] does not exist
17:27:39.464 [Test worker] INFO org.springframework.test.context.support.AbstractContextLoader - Could not detect default resource locations for test class [ma.aui.sse.it.xcommerce.monolithic.XCommerceMonolithicApplicationTests]: no resource found for suffixes {-context.xml, Context.groovy}.
17:27:39.464 [Test worker] INFO org.springframework.test.context.support.AnnotationConfigContextLoaderUtils - Could not detect default configuration classes for test class [ma.aui.sse.it.xcommerce.monolithic.XCommerceMonolithicApplicationTests]: XCommerceMonolithicApplicationTests does not declare any static, non-private, non-final, nested classes annotated with @Configuration.
17:27:39.493 [Test worker] DEBUG org.springframework.test.context.support.ActiveProfilesUtils - Could not find an 'annotation declaring class' for annotation type [org.springframework.test.context.ActiveProfiles] and class [ma.aui.sse.it.xcommerce.monolithic.XCommerceMonolithicApplicationTests]
17:27:39.540 [Test worker] DEBUG org.springframework.context.annotation.ClassPathScanningCandidateComponentProvider - Identified candidate component class: file [/home/pr-iraqi-houssaini/AUI/Courses/xcommerce/monolithic/initial/build/classes/java/main/ma/aui/sse/it/xcommerce/monolithic/XCommerceMonolithicApplication.class]
17:27:39.541 [Test worker] INFO org.springframework.boot.test.context.SpringBootTestContextBootstrapper - Found @SpringBootConfiguration ma.aui.sse.it.xcommerce.monolithic.XCommerceMonolithicApplication for test class ma.aui.sse.it.xcommerce.monolithic.XCommerceMonolithicApplicationTests
17:27:39.606 [Test worker] DEBUG org.springframework.boot.test.context.SpringBootTestContextBootstrapper - @TestExecutionListeners is not present for class [ma.aui.sse.it.xcommerce.monolithic.XCommerceMonolithicApplicationTests]: using defaults.
17:27:39.607 [Test worker] INFO org.springframework.boot.test.context.SpringBootTestContextBootstrapper - Loaded default TestExecutionListener class names from location [META-INF/spring.factories]: [org.springframework.boot.test.autoconfigure.restdocs.RestDocsTestExecutionListener, org.springframework.boot.test.autoconfigure.web.client.MockRestServiceServerResetTestExecutionListener, org.springframework.boot.test.autoconfigure.web.servlet.MockMvcPrintOnlyOnFailureTestExecutionListener, org.springframework.boot.test.autoconfigure.web.servlet.WebDriverTestExecutionListener, org.springframework.boot.test.mock.mockito.MockitoTestExecutionListener, org.springframework.boot.test.mock.mockito.ResetMocksTestExecutionListener, org.springframework.test.context.web.ServletTestExecutionListener, org.springframework.test.context.support.DirtiesContextBeforeModesTestExecutionListener, org.springframework.test.context.support.DependencyInjectionTestExecutionListener, org.springframework.test.context.support.DirtiesContextTestExecutionListener, org.springframework.test.context.transaction.TransactionalTestExecutionListener, org.springframework.test.context.jdbc.SqlScriptsTestExecutionListener]
17:27:39.617 [Test worker] INFO org.springframework.boot.test.context.SpringBootTestContextBootstrapper - Using TestExecutionListeners: [org.springframework.test.context.web.ServletTestExecutionListener@d668e4e, org.springframework.test.context.support.DirtiesContextBeforeModesTestExecutionListener@26155d1e, org.springframework.boot.test.mock.mockito.MockitoTestExecutionListener@18bc9f6d, org.springframework.boot.test.autoconfigure.SpringBootDependencyInjectionTestExecutionListener@38e2aeea, org.springframework.test.context.support.DirtiesContextTestExecutionListener@1cf4346, org.springframework.test.context.transaction.TransactionalTestExecutionListener@dbe13cc, org.springframework.test.context.jdbc.SqlScriptsTestExecutionListener@7105b2e1, org.springframework.boot.test.autoconfigure.restdocs.RestDocsTestExecutionListener@5cbdd7d5, org.springframework.boot.test.autoconfigure.web.client.MockRestServiceServerResetTestExecutionListener@27137a77, org.springframework.boot.test.autoconfigure.web.servlet.MockMvcPrintOnlyOnFailureTestExecutionListener@5a4e2d2a, org.springframework.boot.test.autoconfigure.web.servlet.WebDriverTestExecutionListener@6800e38, org.springframework.boot.test.mock.mockito.ResetMocksTestExecutionListener@34317242]
17:27:39.619 [Test worker] DEBUG org.springframework.test.annotation.ProfileValueUtils - Retrieved @ProfileValueSourceConfiguration [null] for test class [ma.aui.sse.it.xcommerce.monolithic.XCommerceMonolithicApplicationTests]
17:27:39.619 [Test worker] DEBUG org.springframework.test.annotation.ProfileValueUtils - Retrieved ProfileValueSource type [class org.springframework.test.annotation.SystemProfileValueSource] for class [ma.aui.sse.it.xcommerce.monolithic.XCommerceMonolithicApplicationTests]
17:27:39.620 [Test worker] DEBUG org.springframework.test.annotation.ProfileValueUtils - Retrieved @ProfileValueSourceConfiguration [null] for test class [ma.aui.sse.it.xcommerce.monolithic.XCommerceMonolithicApplicationTests]
17:27:39.620 [Test worker] DEBUG org.springframework.test.annotation.ProfileValueUtils - Retrieved ProfileValueSource type [class org.springframework.test.annotation.SystemProfileValueSource] for class [ma.aui.sse.it.xcommerce.monolithic.XCommerceMonolithicApplicationTests]
17:27:39.623 [Test worker] DEBUG org.springframework.test.context.support.AbstractDirtiesContextTestExecutionListener - Before test class: context [DefaultTestContext@79047a79 testClass = XCommerceMonolithicApplicationTests, testInstance = [null], testMethod = [null], testException = [null], mergedContextConfiguration = [WebMergedContextConfiguration@121cdacd testClass = XCommerceMonolithicApplicationTests, locations = '{}', classes = '{class ma.aui.sse.it.xcommerce.monolithic.XCommerceMonolithicApplication}', contextInitializerClasses = '[]', activeProfiles = '{}', propertySourceLocations = '{}', propertySourceProperties = '{org.springframework.boot.test.context.SpringBootTestContextBootstrapper=true}', contextCustomizers = set[org.springframework.boot.test.autoconfigure.properties.PropertyMappingContextCustomizer@0, org.springframework.boot.test.autoconfigure.web.servlet.WebDriverContextCustomizerFactory$Customizer@71d3f412, org.springframework.boot.test.context.filter.ExcludeFilterContextCustomizer@11998a2, org.springframework.boot.test.json.DuplicateJsonObjectContextCustomizerFactory$DuplicateJsonObjectContextCustomizer@2cd4f9e8, org.springframework.boot.test.mock.mockito.MockitoContextCustomizer@0, org.springframework.boot.test.web.client.TestRestTemplateContextCustomizer@211d9c63], resourceBasePath = 'src/main/webapp', contextLoader = 'org.springframework.boot.test.context.SpringBootContextLoader', parent = [null]], attributes = map['org.springframework.test.context.web.ServletTestExecutionListener.activateListener' -> true]], class annotated with @DirtiesContext [false] with mode [null].
17:27:39.623 [Test worker] DEBUG org.springframework.test.annotation.ProfileValueUtils - Retrieved @ProfileValueSourceConfiguration [null] for test class [ma.aui.sse.it.xcommerce.monolithic.XCommerceMonolithicApplicationTests]
17:27:39.623 [Test worker] DEBUG org.springframework.test.annotation.ProfileValueUtils - Retrieved ProfileValueSource type [class org.springframework.test.annotation.SystemProfileValueSource] for class [ma.aui.sse.it.xcommerce.monolithic.XCommerceMonolithicApplicationTests]
17:27:39.636 [Test worker] DEBUG org.springframework.test.context.support.TestPropertySourceUtils - Adding inlined properties to environment: {spring.jmx.enabled=false, org.springframework.boot.test.context.SpringBootTestContextBootstrapper=true, server.port=-1}

  .   ____          _            __ _ _
 /\\ / ___'_ __ _ _(_)_ __  __ _ \ \ \ \
( ( )\___ | '_ | '_| | '_ \/ _` | \ \ \ \
 \\/  ___)| |_)| | | | | || (_| |  ) ) ) )
  '  |____| .__|_| |_|_| |_\__, | / / / /
 =========|_|==============|___/=/_/_/_/
 :: Spring Boot ::        (v2.1.5.RELEASE)

2019-09-03 17:27:39.803  INFO 12127 --- [    Test worker] .x.m.XCommerceMonolithicApplicationTests : Starting XCommerceMonolithicApplicationTests on bluestream with PID 12127 (started by pr-iraqi-houssaini in /home/pr-iraqi-houssaini/AUI/Courses/xcommerce/monolithic/initial)
2019-09-03 17:27:39.804  INFO 12127 --- [    Test worker] .x.m.XCommerceMonolithicApplicationTests : No active profile set, falling back to default profiles: default
2019-09-03 17:27:40.789  INFO 12127 --- [    Test worker] .s.d.r.c.RepositoryConfigurationDelegate : Multiple Spring Data modules found, entering strict repository configuration mode!
2019-09-03 17:27:40.791  INFO 12127 --- [    Test worker] .s.d.r.c.RepositoryConfigurationDelegate : Bootstrapping Spring Data repositories in DEFAULT mode.
2019-09-03 17:27:40.946  INFO 12127 --- [    Test worker] .s.d.r.c.RepositoryConfigurationDelegate : Finished Spring Data repository scanning in 146ms. Found 6 repository interfaces.
2019-09-03 17:27:40.956  INFO 12127 --- [    Test worker] .s.d.r.c.RepositoryConfigurationDelegate : Multiple Spring Data modules found, entering strict repository configuration mode!
2019-09-03 17:27:40.957  INFO 12127 --- [    Test worker] .s.d.r.c.RepositoryConfigurationDelegate : Bootstrapping Spring Data repositories in DEFAULT mode.
2019-09-03 17:27:40.968  INFO 12127 --- [    Test worker] .RepositoryConfigurationExtensionSupport : Spring Data Redis - Could not safely identify store assignment for repository candidate interface ma.aui.sse.it.xcommerce.monolithic.repositories.BrandRepository.
2019-09-03 17:27:40.969  INFO 12127 --- [    Test worker] .RepositoryConfigurationExtensionSupport : Spring Data Redis - Could not safely identify store assignment for repository candidate interface ma.aui.sse.it.xcommerce.monolithic.repositories.CategoryRepository.
2019-09-03 17:27:40.969  INFO 12127 --- [    Test worker] .RepositoryConfigurationExtensionSupport : Spring Data Redis - Could not safely identify store assignment for repository candidate interface ma.aui.sse.it.xcommerce.monolithic.repositories.CustomerRepository.
2019-09-03 17:27:40.969  INFO 12127 --- [    Test worker] .RepositoryConfigurationExtensionSupport : Spring Data Redis - Could not safely identify store assignment for repository candidate interface ma.aui.sse.it.xcommerce.monolithic.repositories.OrderRepository.
2019-09-03 17:27:40.970  INFO 12127 --- [    Test worker] .RepositoryConfigurationExtensionSupport : Spring Data Redis - Could not safely identify store assignment for repository candidate interface ma.aui.sse.it.xcommerce.monolithic.repositories.ProductRepository.
2019-09-03 17:27:40.970  INFO 12127 --- [    Test worker] .RepositoryConfigurationExtensionSupport : Spring Data Redis - Could not safely identify store assignment for repository candidate interface ma.aui.sse.it.xcommerce.monolithic.repositories.ReviewRepository.
2019-09-03 17:27:40.970  INFO 12127 --- [    Test worker] .s.d.r.c.RepositoryConfigurationDelegate : Finished Spring Data repository scanning in 6ms. Found 0 repository interfaces.
2019-09-03 17:27:41.538  INFO 12127 --- [    Test worker] trationDelegate$BeanPostProcessorChecker : Bean 'org.springframework.transaction.annotation.ProxyTransactionManagementConfiguration' of type [org.springframework.transaction.annotation.ProxyTransactionManagementConfiguration$$EnhancerBySpringCGLIB$$d197766] is not eligible for getting processed by all BeanPostProcessors (for example: not eligible for auto-proxying)
2019-09-03 17:27:41.610  INFO 12127 --- [    Test worker] trationDelegate$BeanPostProcessorChecker : Bean 'org.springframework.hateoas.config.HateoasConfiguration' of type [org.springframework.hateoas.config.HateoasConfiguration$$EnhancerBySpringCGLIB$$8c99c498] is not eligible for getting processed by all BeanPostProcessors (for example: not eligible for auto-proxying)
2019-09-03 17:27:42.044  INFO 12127 --- [    Test worker] com.zaxxer.hikari.HikariDataSource       : HikariPool-1 - Starting...
2019-09-03 17:27:42.207  INFO 12127 --- [    Test worker] com.zaxxer.hikari.HikariDataSource       : HikariPool-1 - Start completed.
2019-09-03 17:27:42.285  INFO 12127 --- [    Test worker] o.hibernate.jpa.internal.util.LogHelper  : HHH000204: Processing PersistenceUnitInfo [
	name: default
	...]
2019-09-03 17:27:42.355  INFO 12127 --- [    Test worker] org.hibernate.Version                    : HHH000412: Hibernate Core {5.3.10.Final}
2019-09-03 17:27:42.356  INFO 12127 --- [    Test worker] org.hibernate.cfg.Environment            : HHH000206: hibernate.properties not found
2019-09-03 17:27:42.458  INFO 12127 --- [    Test worker] o.hibernate.annotations.common.Version   : HCANN000001: Hibernate Commons Annotations {5.0.4.Final}
2019-09-03 17:27:42.572  INFO 12127 --- [    Test worker] org.hibernate.dialect.Dialect            : HHH000400: Using dialect: org.hibernate.dialect.H2Dialect
2019-09-03 17:27:43.360  INFO 12127 --- [    Test worker] o.h.t.schema.internal.SchemaCreatorImpl  : HHH000476: Executing import script 'org.hibernate.tool.schema.internal.exec.ScriptSourceInputNonExistentImpl@74c99146'
2019-09-03 17:27:43.363  INFO 12127 --- [    Test worker] j.LocalContainerEntityManagerFactoryBean : Initialized JPA EntityManagerFactory for persistence unit 'default'
2019-09-03 17:27:43.877  INFO 12127 --- [    Test worker] o.h.h.i.QueryTranslatorFactoryInitiator  : HHH000397: Using ASTQueryTranslatorFactory
2019-09-03 17:27:44.901  INFO 12127 --- [    Test worker] o.s.s.concurrent.ThreadPoolTaskExecutor  : Initializing ExecutorService 'applicationTaskExecutor'
2019-09-03 17:27:44.975  WARN 12127 --- [    Test worker] aWebConfiguration$JpaWebMvcConfiguration : spring.jpa.open-in-view is enabled by default. Therefore, database queries may be performed during view rendering. Explicitly configure spring.jpa.open-in-view to disable this warning
2019-09-03 17:27:45.905  INFO 12127 --- [    Test worker] o.s.b.a.e.web.EndpointLinksResolver      : Exposing 2 endpoint(s) beneath base path '/actuator'
2019-09-03 17:27:45.984  INFO 12127 --- [    Test worker] .x.m.XCommerceMonolithicApplicationTests : Started XCommerceMonolithicApplicationTests in 6.343 seconds (JVM running for 6.997)
]]></system-out>
  <system-err><![CDATA[]]></system-err>
</testsuite>
